<?xml version="1.0" encoding="UTF-8"?>
<!-- Generated by org.testng.reporters.JUnitXMLReporter -->
<testsuite ignored="8" hostname="DESKTOP-5471JLM" failures="0" tests="4" name="Default test" time="84.113" errors="0" timestamp="2026-05-12T09:26:10 IST">
  <testcase classname="testcases.tc1_verifyHomePage" name="verifyHomePage" time="12.164"/>
  <testcase classname="testcases.tc3_verifyLogin" name="verifyLogin" time="22.039"/>
  <testcase classname="testcases.tc2_verifySpeakersPage" name="verifySpeakersPage" time="20.999"/>
  <testcase classname="testcases.tc4_verifyAddToCart" name="verifyAddToCart" time="28.848"/>
  <testcase classname="utilities.reportGenerator" name="@BeforeSuite startReport" time="0.0">
    <ignored/>
  </testcase> <!-- @BeforeSuite startReport -->
  <testcase classname="utilities.reportGenerator" name="@BeforeSuite startReport" time="0.0">
    <ignored/>
  </testcase> <!-- @BeforeSuite startReport -->
  <testcase classname="utilities.reportGenerator" name="@BeforeSuite startReport" time="0.0">
    <ignored/>
  </testcase> <!-- @BeforeSuite startReport -->
  <testcase classname="utilities.reportGenerator" name="@AfterSuite tearDown" time="0.0">
    <ignored/>
  </testcase> <!-- @AfterSuite tearDown -->
  <testcase classname="utilities.reportGenerator" name="@AfterSuite tearDown" time="0.0">
    <ignored/>
  </testcase> <!-- @AfterSuite tearDown -->
  <testcase classname="utilities.reportGenerator" name="@AfterSuite tearDown" time="0.0">
    <ignored/>
  </testcase> <!-- @AfterSuite tearDown -->
  <testcase classname="utilities.reportGenerator" name="@AfterSuite tearDown" time="0.0">
    <ignored/>
  </testcase> <!-- @AfterSuite tearDown -->
  <testcase classname="utilities.reportGenerator" name="@BeforeSuite startReport" time="0.0">
    <ignored/>
  </testcase> <!-- @BeforeSuite startReport -->
</testsuite> <!-- Default test -->
