<?xml version="1.0" encoding="UTF-8"?>
<!-- Generated by org.testng.reporters.JUnitXMLReporter -->
<testsuite ignored="0" hostname="DESKTOP-5471JLM" failures="1" tests="1" name="Home Page Test" time="8.0" errors="0" timestamp="2026-05-12T00:17:47 IST">
  <testcase classname="testcases.tc1_verifyHomePage" name="verifyHomePage" time="7.949">
    <failure type="java.lang.AssertionError" message="expected [Advantage Shopping] but found [ Advantage Shopping]">
      <![CDATA[java.lang.AssertionError: expected [Advantage Shopping] but found [ Advantage Shopping]
at pageobjects.HomePage.verifyTitle(HomePage.java:22)
at testcases.tc1_verifyHomePage.verifyHomePage(tc1_verifyHomePage.java:35)
at java.base/java.util.ArrayList.forEach(ArrayList.java:1596)
... Removed 31 stack frames]]>
    </failure>
  </testcase> <!-- verifyHomePage -->
</testsuite> <!-- Home Page Test -->
