<?xml version="1.0" encoding="UTF-8"?>
<testng-results ignored="0" total="4" passed="4" failed="0" skipped="0">
  <reporter-output>
  </reporter-output>
  <suite started-at="2026-05-12T09:24:46 IST" name="Default suite" finished-at="2026-05-12T09:26:10 IST" duration-ms="84113">
    <groups>
    </groups>
    <test started-at="2026-05-12T09:24:46 IST" name="Default test" finished-at="2026-05-12T09:26:10 IST" duration-ms="84113">
      <class name="utilities.reportGenerator">
        <test-method is-config="true" signature="startReport()[pri:0, instance:utilities.reportGenerator@198b6731]" started-at="2026-05-12T09:24:45 IST" name="startReport" finished-at="2026-05-12T09:24:46 IST" duration-ms="295" status="PASS">
          <reporter-output>
          </reporter-output>
        </test-method> <!-- startReport -->
        <test-method is-config="true" signature="tearDown()[pri:0, instance:utilities.reportGenerator@198b6731]" started-at="2026-05-12T09:26:10 IST" name="tearDown" finished-at="2026-05-12T09:26:11 IST" duration-ms="1166" status="PASS">
          <reporter-output>
          </reporter-output>
        </test-method> <!-- tearDown -->
      </class> <!-- utilities.reportGenerator -->
      <class name="testcases.tc2_verifySpeakersPage">
        <test-method signature="verifySpeakersPage()[pri:0, instance:testcases.tc2_verifySpeakersPage@7a8c8dcf]" started-at="2026-05-12T09:25:20 IST" name="verifySpeakersPage" finished-at="2026-05-12T09:25:41 IST" duration-ms="20999" status="PASS">
          <reporter-output>
          </reporter-output>
        </test-method> <!-- verifySpeakersPage -->
        <test-method is-config="true" signature="getResult(org.testng.ITestResult)[pri:0, instance:testcases.tc2_verifySpeakersPage@7a8c8dcf]" started-at="2026-05-12T09:25:41 IST" name="getResult" finished-at="2026-05-12T09:25:41 IST" duration-ms="1" status="PASS">
          <params>
            <param index="0">
              <value>
                <![CDATA[[TestResult name=verifySpeakersPage status=SUCCESS method=tc2_verifySpeakersPage.verifySpeakersPage()[pri:0, instance:testcases.tc2_verifySpeakersPage@7a8c8dcf] output={null}]]]>
              </value>
            </param>
          </params>
          <reporter-output>
          </reporter-output>
        </test-method> <!-- getResult -->
      </class> <!-- testcases.tc2_verifySpeakersPage -->
      <class name="testcases.tc3_verifyLogin">
        <test-method signature="verifyLogin()[pri:0, instance:testcases.tc3_verifyLogin@5dda768f]" started-at="2026-05-12T09:24:58 IST" name="verifyLogin" finished-at="2026-05-12T09:25:20 IST" duration-ms="22039" status="PASS">
          <reporter-output>
          </reporter-output>
        </test-method> <!-- verifyLogin -->
        <test-method is-config="true" signature="getResult(org.testng.ITestResult)[pri:0, instance:testcases.tc3_verifyLogin@5dda768f]" started-at="2026-05-12T09:25:20 IST" name="getResult" finished-at="2026-05-12T09:25:20 IST" duration-ms="1" status="PASS">
          <params>
            <param index="0">
              <value>
                <![CDATA[[TestResult name=verifyLogin status=SUCCESS method=tc3_verifyLogin.verifyLogin()[pri:0, instance:testcases.tc3_verifyLogin@5dda768f] output={null}]]]>
              </value>
            </param>
          </params>
          <reporter-output>
          </reporter-output>
        </test-method> <!-- getResult -->
      </class> <!-- testcases.tc3_verifyLogin -->
      <class name="testcases.tc1_verifyHomePage">
        <test-method signature="verifyHomePage()[pri:0, instance:testcases.tc1_verifyHomePage@1ce24091]" started-at="2026-05-12T09:24:46 IST" name="verifyHomePage" finished-at="2026-05-12T09:24:58 IST" duration-ms="12164" status="PASS">
          <reporter-output>
          </reporter-output>
        </test-method> <!-- verifyHomePage -->
        <test-method is-config="true" signature="getResult(org.testng.ITestResult)[pri:0, instance:testcases.tc1_verifyHomePage@1ce24091]" started-at="2026-05-12T09:24:58 IST" name="getResult" finished-at="2026-05-12T09:24:58 IST" duration-ms="3" status="PASS">
          <params>
            <param index="0">
              <value>
                <![CDATA[[TestResult name=verifyHomePage status=SUCCESS method=tc1_verifyHomePage.verifyHomePage()[pri:0, instance:testcases.tc1_verifyHomePage@1ce24091] output={null}]]]>
              </value>
            </param>
          </params>
          <reporter-output>
          </reporter-output>
        </test-method> <!-- getResult -->
      </class> <!-- testcases.tc1_verifyHomePage -->
      <class name="testcases.tc4_verifyAddToCart">
        <test-method signature="verifyAddToCart()[pri:0, instance:testcases.tc4_verifyAddToCart@24269709]" started-at="2026-05-12T09:25:41 IST" name="verifyAddToCart" finished-at="2026-05-12T09:26:10 IST" duration-ms="28848" status="PASS">
          <reporter-output>
          </reporter-output>
        </test-method> <!-- verifyAddToCart -->
        <test-method is-config="true" signature="getResult(org.testng.ITestResult)[pri:0, instance:testcases.tc4_verifyAddToCart@24269709]" started-at="2026-05-12T09:26:10 IST" name="getResult" finished-at="2026-05-12T09:26:10 IST" duration-ms="2" status="PASS">
          <params>
            <param index="0">
              <value>
                <![CDATA[[TestResult name=verifyAddToCart status=SUCCESS method=tc4_verifyAddToCart.verifyAddToCart()[pri:0, instance:testcases.tc4_verifyAddToCart@24269709] output={null}]]]>
              </value>
            </param>
          </params>
          <reporter-output>
          </reporter-output>
        </test-method> <!-- getResult -->
      </class> <!-- testcases.tc4_verifyAddToCart -->
    </test> <!-- Default test -->
  </suite> <!-- Default suite -->
</testng-results>
